2023-07-21 15:39:45.151 [info] Added views:workbench.panel.markers.view in workbench.panel.markers
2023-07-21 15:39:45.151 [info] Added views:workbench.panel.output in workbench.panel.output
2023-07-21 15:39:45.151 [info] Added views:terminal in terminal
2023-07-21 15:39:45.151 [info] Added views:outline in workbench.view.explorer
2023-07-21 15:39:45.151 [info] Added views:workbench.scm in workbench.view.scm
2023-07-21 15:39:45.151 [info] Added views:workbench.view.search in workbench.view.search
2023-07-21 15:39:45.151 [info] Added views:timeline in workbench.view.explorer
2023-07-21 15:39:45.151 [info] Added views:workbench.explorer.emptyView in workbench.view.explorer
2023-07-21 15:39:46.133 [info] Added views:workbench.debug.variablesView,workbench.debug.watchExpressionsView,workbench.debug.callStackView,workbench.debug.breakPointsView in workbench.view.debug
2023-07-21 15:39:47.232 [info] Added views:workbench.panel.repl.view in workbench.panel.repl
2023-07-21 15:39:47.234 [info] Removed views:workbench.debug.breakPointsView,workbench.debug.callStackView,workbench.debug.watchExpressionsView,workbench.debug.variablesView from workbench.view.debug
2023-07-21 15:39:47.235 [info] Added views:workbench.debug.welcome in workbench.view.debug
2023-07-21 15:39:52.535 [info] Added views:workbench.panel.markers.view in workbench.panel.markers
2023-07-21 15:39:52.535 [info] Added views:workbench.panel.output in workbench.panel.output
2023-07-21 15:39:52.535 [info] Added views:terminal in terminal
2023-07-21 15:39:52.535 [info] Added views:outline in workbench.view.explorer
2023-07-21 15:39:52.535 [info] Added views:workbench.scm in workbench.view.scm
2023-07-21 15:39:52.535 [info] Added views:workbench.view.search in workbench.view.search
2023-07-21 15:39:52.535 [info] Added views:timeline in workbench.view.explorer
2023-07-21 15:39:52.535 [info] Added views:workbench.explorer.fileView in workbench.view.explorer
2023-07-21 15:39:52.968 [info] Added views:workbench.debug.welcome in workbench.view.debug
2023-07-21 15:39:52.982 [info] Added views:workbench.debug.breakPointsView in workbench.view.debug
2023-07-21 15:39:54.741 [info] Added views:workbench.panel.repl.view in workbench.panel.repl
